INFO:sim:172 - Generating IP...
ERROR:sim - Unable to find g
ERROR:sim -    Coregen is looking for I:\Unsorted\Pacman\Pacman_ACL\ipcore_dir\g
ERROR:sim - Unable to find ga
ERROR:sim -    Coregen is looking for
   I:\Unsorted\Pacman\Pacman_ACL\ipcore_dir\ga
ERROR:sim - Unable to find gam
ERROR:sim -    Coregen is looking for
   I:\Unsorted\Pacman\Pacman_ACL\ipcore_dir\gam
ERROR:sim - Unable to find game
ERROR:sim -    Coregen is looking for
   I:\Unsorted\Pacman\Pacman_ACL\ipcore_dir\game
ERROR:sim - Unable to find game_
ERROR:sim -    Coregen is looking for
   I:\Unsorted\Pacman\Pacman_ACL\ipcore_dir\game_
ERROR:sim - Unable to find game_o
ERROR:sim -    Coregen is looking for
   I:\Unsorted\Pacman\Pacman_ACL\ipcore_dir\game_o
ERROR:sim - Unable to find game_ov
ERROR:sim -    Coregen is looking for
   I:\Unsorted\Pacman\Pacman_ACL\ipcore_dir\game_ov
ERROR:sim - Unable to find game_ove
ERROR:sim -    Coregen is looking for
   I:\Unsorted\Pacman\Pacman_ACL\ipcore_dir\game_ove
ERROR:sim - Unable to find game_over
ERROR:sim -    Coregen is looking for
   I:\Unsorted\Pacman\Pacman_ACL\ipcore_dir\game_over
ERROR:sim - Unable to find game_over_
ERROR:sim -    Coregen is looking for
   I:\Unsorted\Pacman\Pacman_ACL\ipcore_dir\game_over_
ERROR:sim - Unable to find game_over_m
ERROR:sim -    Coregen is looking for
   I:\Unsorted\Pacman\Pacman_ACL\ipcore_dir\game_over_m
ERROR:sim - Unable to find game_over_me
ERROR:sim -    Coregen is looking for
   I:\Unsorted\Pacman\Pacman_ACL\ipcore_dir\game_over_me
ERROR:sim - Unable to find game_over_mes
ERROR:sim -    Coregen is looking for
   I:\Unsorted\Pacman\Pacman_ACL\ipcore_dir\game_over_mes
ERROR:sim - Unable to find game_over_mess
ERROR:sim -    Coregen is looking for
ERROR:sim -    I:\Unsorted\Pacman\Pacman_ACL\ipcore_dir\game_over_mess
ERROR:sim - Unable to find game_over_mess.
ERROR:sim -    Coregen is looking for
ERROR:sim -    I:\Unsorted\Pacman\Pacman_ACL\ipcore_dir\game_over_mess.
ERROR:sim - Unable to find game_over_mess.c
ERROR:sim -    Coregen is looking for
ERROR:sim -    I:\Unsorted\Pacman\Pacman_ACL\ipcore_dir\game_over_mess.c
ERROR:sim - Unable to find game_over_mess.co
ERROR:sim -    Coregen is looking for
ERROR:sim -    I:\Unsorted\Pacman\Pacman_ACL\ipcore_dir\game_over_mess.co
Resolving generics for 'game_over_rom'...
Applying external generics to 'game_over_rom'...
Delivering associated files for 'game_over_rom'...
Delivering EJava files for 'game_over_rom'...
Generating implementation netlist for 'game_over_rom'...
INFO:sim - Pre-processing HDL files for 'game_over_rom'...
Running synthesis for 'game_over_rom'
Running ngcbuild...
Writing VEO instantiation template for 'game_over_rom'...
Writing Verilog behavioral simulation model for 'game_over_rom'...
WARNING:sim - Overwriting existing file
   I:/Unsorted/Pacman/Pacman_ACL/ipcore_dir/tmp/_cg/game_over_rom/doc/blk_mem_ge
   n_v7_3_vinfo.html with file from view xilinx_documentation
Delivered 1 file into directory
I:/Unsorted/Pacman/Pacman_ACL/ipcore_dir/tmp/_cg/game_over_rom
Generating ASY schematic symbol...
INFO:sim:949 - Finished generation of ASY schematic symbol.
Generating SYM schematic symbol for 'game_over_rom'...
Generating metadata file...
Generating ISE project file for 'game_over_rom'...
Generating ISE project...
XCO file found: game_over_rom.xco
XMDF file found: game_over_rom_xmdf.tcl
Adding I:/Unsorted/Pacman/Pacman_ACL/ipcore_dir/tmp/_cg/game_over_rom.asy -view
all -origin_type imported
Adding I:/Unsorted/Pacman/Pacman_ACL/ipcore_dir/tmp/_cg/game_over_rom.ngc -view
all -origin_type created
Checking file
"I:/Unsorted/Pacman/Pacman_ACL/ipcore_dir/tmp/_cg/game_over_rom.ngc" for project
device match ...
File "I:/Unsorted/Pacman/Pacman_ACL/ipcore_dir/tmp/_cg/game_over_rom.ngc" device
information matches project device.
Adding I:/Unsorted/Pacman/Pacman_ACL/ipcore_dir/tmp/_cg/game_over_rom.sym -view
all -origin_type imported
Adding I:/Unsorted/Pacman/Pacman_ACL/ipcore_dir/tmp/_cg/game_over_rom.v -view
all -origin_type created
INFO:HDLCompiler:1845 - Analyzing Verilog file
   "I:/Unsorted/Pacman/Pacman_ACL/ipcore_dir/tmp/_cg/game_over_rom.v" into
   library work
INFO:ProjectMgmt - Parsing design hierarchy completed successfully.
Adding I:/Unsorted/Pacman/Pacman_ACL/ipcore_dir/tmp/_cg/game_over_rom.veo -view
all -origin_type imported
INFO:TclTasksC:2116 - The automatic calculation of top has been turned-off.
   Please set the new top explicitly by running the "project set top" command.
   To re-calculate the new top automatically, set the "Auto Implementation Top"
   property to true.
Top level has been set to "/game_over_rom"
Generating README file...
Generating FLIST file...
INFO:sim:948 - Finished FLIST file generation.
Launching README viewer...
Moving files to output directory...
Finished moving files to output directory
Wrote CGP file for project 'game_over_rom'.
